[2026/03/15 07:35:16.343] [INFO] [main.extension.js:57] Initialized logger for Zowe Explorer
[2026/03/15 07:35:16.350] [INFO] [main.extension.js:57] Zowe Explorer profiles are being set as secured.
[2026/03/15 07:35:16.351] [INFO] [main.extension.js:57] Zowe home directory is located at C:\Users\SUBBARAMAN\.zowe
[2026/03/15 07:35:16.352] [INFO] [main.extension.js:57] No custom credential managers found, using the default instead.
[2026/03/15 07:35:16.353] [INFO] [main.extension.js:57] Zowe Explorer profiles are being set as secured.
[2026/03/15 07:35:17.276] [INFO] [main.extension.js:57] Zowe profiles initialized successfully.
[2026/03/15 07:35:19.113] [INFO] [main.extension.js:57] No custom credential managers found, using the default instead.
[2026/03/15 07:35:19.114] [INFO] [main.extension.js:57] Zowe Explorer profiles are being set as secured.
[2026/03/15 08:12:13.356] [INFO] [main.extension.js:57] Initialized logger for Zowe Explorer
[2026/03/15 08:12:13.363] [INFO] [main.extension.js:57] Zowe Explorer profiles are being set as secured.
[2026/03/15 08:12:13.363] [INFO] [main.extension.js:57] Zowe home directory is located at C:\Users\SUBBARAMAN\.zowe
[2026/03/15 08:12:13.365] [INFO] [main.extension.js:57] No custom credential managers found, using the default instead.
[2026/03/15 08:12:13.366] [INFO] [main.extension.js:57] Zowe Explorer profiles are being set as secured.
[2026/03/15 08:12:13.618] [INFO] [main.extension.js:57] Zowe profiles initialized successfully.
[2026/03/15 08:12:16.282] [INFO] [main.extension.js:57] No custom credential managers found, using the default instead.
[2026/03/15 08:12:16.283] [INFO] [main.extension.js:57] Zowe Explorer profiles are being set as secured.
[2026/03/15 08:25:54.388] [INFO] [main.extension.js:57] Initialized logger for Zowe Explorer
[2026/03/15 08:25:54.395] [INFO] [main.extension.js:57] Zowe Explorer profiles are being set as secured.
[2026/03/15 08:25:54.396] [INFO] [main.extension.js:57] Zowe home directory is located at C:\Users\SUBBARAMAN\.zowe
[2026/03/15 08:25:54.398] [INFO] [main.extension.js:57] No custom credential managers found, using the default instead.
[2026/03/15 08:25:54.398] [INFO] [main.extension.js:57] Zowe Explorer profiles are being set as secured.
[2026/03/15 08:25:54.605] [INFO] [main.extension.js:57] Zowe profiles initialized successfully.
[2026/03/15 08:25:55.860] [INFO] [main.extension.js:57] No custom credential managers found, using the default instead.
[2026/03/15 08:25:55.861] [INFO] [main.extension.js:57] Zowe Explorer profiles are being set as secured.
[2026/03/15 08:40:57.820] [INFO] [main.extension.js:57] Initialized logger for Zowe Explorer
[2026/03/15 08:40:57.826] [INFO] [main.extension.js:57] Zowe Explorer profiles are being set as secured.
[2026/03/15 08:40:57.827] [INFO] [main.extension.js:57] Zowe home directory is located at C:\Users\SUBBARAMAN\.zowe
[2026/03/15 08:40:57.829] [INFO] [main.extension.js:57] No custom credential managers found, using the default instead.
[2026/03/15 08:40:57.829] [INFO] [main.extension.js:57] Zowe Explorer profiles are being set as secured.
[2026/03/15 08:40:58.156] [INFO] [main.extension.js:57] Zowe profiles initialized successfully.
[2026/03/15 08:40:59.808] [INFO] [main.extension.js:57] No custom credential managers found, using the default instead.
[2026/03/15 08:40:59.809] [INFO] [main.extension.js:57] Zowe Explorer profiles are being set as secured.
[2026/03/15 08:45:28.278] [INFO] [main.extension.js:57] Initialized logger for Zowe Explorer
[2026/03/15 08:45:28.284] [INFO] [main.extension.js:57] Zowe Explorer profiles are being set as secured.
[2026/03/15 08:45:28.284] [INFO] [main.extension.js:57] Zowe home directory is located at C:\Users\SUBBARAMAN\.zowe
[2026/03/15 08:45:28.286] [INFO] [main.extension.js:57] No custom credential managers found, using the default instead.
[2026/03/15 08:45:28.286] [INFO] [main.extension.js:57] Zowe Explorer profiles are being set as secured.
[2026/03/15 08:45:28.609] [INFO] [main.extension.js:57] Zowe profiles initialized successfully.
[2026/03/15 08:45:30.347] [INFO] [main.extension.js:57] No custom credential managers found, using the default instead.
[2026/03/15 08:45:30.347] [INFO] [main.extension.js:57] Zowe Explorer profiles are being set as secured.
[2026/03/15 09:49:02.418] [INFO] [main.extension.js:57] Initialized logger for Zowe Explorer
[2026/03/15 09:49:02.431] [INFO] [main.extension.js:57] Zowe Explorer profiles are being set as secured.
[2026/03/15 09:49:02.432] [INFO] [main.extension.js:57] Zowe home directory is located at C:\Users\SUBBARAMAN\.zowe
[2026/03/15 09:49:02.434] [INFO] [main.extension.js:57] No custom credential managers found, using the default instead.
[2026/03/15 09:49:02.435] [INFO] [main.extension.js:57] Zowe Explorer profiles are being set as secured.
[2026/03/15 09:49:03.540] [INFO] [main.extension.js:57] Zowe profiles initialized successfully.
[2026/03/15 09:49:04.633] [INFO] [main.extension.js:57] No custom credential managers found, using the default instead.
[2026/03/15 09:49:04.634] [INFO] [main.extension.js:57] Zowe Explorer profiles are being set as secured.
[2026/03/15 10:15:08.880] [INFO] [main.extension.js:57] Initialized logger for Zowe Explorer
[2026/03/15 10:15:08.886] [INFO] [main.extension.js:57] Zowe Explorer profiles are being set as secured.
[2026/03/15 10:15:08.887] [INFO] [main.extension.js:57] Zowe home directory is located at C:\Users\SUBBARAMAN\.zowe
[2026/03/15 10:15:08.889] [INFO] [main.extension.js:57] No custom credential managers found, using the default instead.
[2026/03/15 10:15:08.889] [INFO] [main.extension.js:57] Zowe Explorer profiles are being set as secured.
[2026/03/15 10:15:09.257] [INFO] [main.extension.js:57] Zowe profiles initialized successfully.
[2026/03/15 10:16:01.324] [INFO] [main.extension.js:57] No custom credential managers found, using the default instead.
[2026/03/15 10:16:01.325] [INFO] [main.extension.js:57] Zowe Explorer profiles are being set as secured.
[2026/03/15 10:25:55.942] [INFO] [main.extension.js:57] Initialized logger for Zowe Explorer
[2026/03/15 10:25:55.948] [INFO] [main.extension.js:57] Zowe Explorer profiles are being set as secured.
[2026/03/15 10:25:55.949] [INFO] [main.extension.js:57] Zowe home directory is located at C:\Users\SUBBARAMAN\.zowe
[2026/03/15 10:25:55.950] [INFO] [main.extension.js:57] No custom credential managers found, using the default instead.
[2026/03/15 10:25:55.951] [INFO] [main.extension.js:57] Zowe Explorer profiles are being set as secured.
[2026/03/15 10:25:56.064] [INFO] [main.extension.js:57] Zowe profiles initialized successfully.
[2026/03/15 10:25:57.856] [INFO] [main.extension.js:57] No custom credential managers found, using the default instead.
[2026/03/15 10:25:57.856] [INFO] [main.extension.js:57] Zowe Explorer profiles are being set as secured.
[2026/03/15 13:31:28.422] [INFO] [main.extension.js:57] Initialized logger for Zowe Explorer
[2026/03/15 13:31:28.435] [INFO] [main.extension.js:57] Zowe Explorer profiles are being set as secured.
[2026/03/15 13:31:28.436] [INFO] [main.extension.js:57] Zowe home directory is located at C:\Users\SUBBARAMAN\.zowe
[2026/03/15 13:31:28.438] [INFO] [main.extension.js:57] No custom credential managers found, using the default instead.
[2026/03/15 13:31:28.438] [INFO] [main.extension.js:57] Zowe Explorer profiles are being set as secured.
[2026/03/15 13:31:28.648] [INFO] [main.extension.js:57] Zowe profiles initialized successfully.
[2026/03/15 13:31:30.559] [INFO] [main.extension.js:57] No custom credential managers found, using the default instead.
[2026/03/15 13:31:30.560] [INFO] [main.extension.js:57] Zowe Explorer profiles are being set as secured.
[2026/03/15 13:34:05.273] [INFO] [main.extension.js:57] Initialized logger for Zowe Explorer
[2026/03/15 13:34:05.278] [INFO] [main.extension.js:57] Zowe Explorer profiles are being set as secured.
[2026/03/15 13:34:05.279] [INFO] [main.extension.js:57] Zowe home directory is located at C:\Users\SUBBARAMAN\.zowe
[2026/03/15 13:34:05.281] [INFO] [main.extension.js:57] No custom credential managers found, using the default instead.
[2026/03/15 13:34:05.281] [INFO] [main.extension.js:57] Zowe Explorer profiles are being set as secured.
[2026/03/15 13:34:05.615] [INFO] [main.extension.js:57] Zowe profiles initialized successfully.
[2026/03/15 13:34:06.807] [INFO] [main.extension.js:57] No custom credential managers found, using the default instead.
[2026/03/15 13:34:06.808] [INFO] [main.extension.js:57] Zowe Explorer profiles are being set as secured.
[2026/03/17 15:19:25.627] [INFO] [main.extension.js:57] Initialized logger for Zowe Explorer
[2026/03/17 15:19:25.646] [INFO] [main.extension.js:57] Zowe Explorer profiles are being set as secured.
[2026/03/17 15:19:25.647] [INFO] [main.extension.js:57] Zowe home directory is located at C:\Users\SUBBARAMAN\.zowe
[2026/03/17 15:19:25.650] [INFO] [main.extension.js:57] No custom credential managers found, using the default instead.
[2026/03/17 15:19:25.650] [INFO] [main.extension.js:57] Zowe Explorer profiles are being set as secured.
[2026/03/17 15:19:25.803] [INFO] [main.extension.js:57] Zowe profiles initialized successfully.
[2026/03/17 15:19:27.436] [INFO] [main.extension.js:57] No custom credential managers found, using the default instead.
[2026/03/17 15:19:27.437] [INFO] [main.extension.js:57] Zowe Explorer profiles are being set as secured.
[2026/03/17 18:25:23.439] [INFO] [main.extension.js:57] Initialized logger for Zowe Explorer
[2026/03/17 18:25:23.445] [INFO] [main.extension.js:57] Zowe Explorer profiles are being set as secured.
[2026/03/17 18:25:23.445] [INFO] [main.extension.js:57] Zowe home directory is located at C:\Users\SUBBARAMAN\.zowe
[2026/03/17 18:25:23.447] [INFO] [main.extension.js:57] No custom credential managers found, using the default instead.
[2026/03/17 18:25:23.447] [INFO] [main.extension.js:57] Zowe Explorer profiles are being set as secured.
[2026/03/17 18:25:23.570] [INFO] [main.extension.js:57] Zowe profiles initialized successfully.
[2026/03/17 18:25:25.159] [INFO] [main.extension.js:57] No custom credential managers found, using the default instead.
[2026/03/17 18:25:25.159] [INFO] [main.extension.js:57] Zowe Explorer profiles are being set as secured.
[2026/03/18 11:04:53.585] [INFO] [main.extension.js:57] Initialized logger for Zowe Explorer
[2026/03/18 11:04:53.606] [INFO] [main.extension.js:57] Zowe Explorer profiles are being set as secured.
[2026/03/18 11:04:53.606] [INFO] [main.extension.js:57] Zowe home directory is located at C:\Users\SUBBARAMAN\.zowe
[2026/03/18 11:04:53.608] [INFO] [main.extension.js:57] No custom credential managers found, using the default instead.
[2026/03/18 11:04:53.608] [INFO] [main.extension.js:57] Zowe Explorer profiles are being set as secured.
[2026/03/18 11:04:53.827] [INFO] [main.extension.js:57] Zowe profiles initialized successfully.
[2026/03/18 11:04:55.696] [INFO] [main.extension.js:57] No custom credential managers found, using the default instead.
[2026/03/18 11:04:55.697] [INFO] [main.extension.js:57] Zowe Explorer profiles are being set as secured.
